20 Mar 2023 13:50:12,969 INFO  org.example.repository.UserRepository 24 <init> - bhchsbc
20 Mar 2023 13:50:12,973 INFO  org.example.repository.ZborRepository 25 <init> - bvbdfv
20 Mar 2023 13:50:12,974 INFO  org.example.repository.BiletRepository 27 <init> - cdbc
20 Mar 2023 17:14:07,294 INFO  org.example.repository.UserRepository 24 <init> - bhchsbc
20 Mar 2023 17:14:07,312 INFO  org.example.repository.ZborRepository 25 <init> - bvbdfv
20 Mar 2023 17:14:07,320 INFO  org.example.repository.BiletRepository 27 <init> - cdbc
20 Mar 2023 17:15:42,939 INFO  org.example.repository.UserRepository 24 <init> - bhchsbc
20 Mar 2023 17:15:42,944 INFO  org.example.repository.ZborRepository 25 <init> - bvbdfv
20 Mar 2023 17:15:42,945 INFO  org.example.repository.BiletRepository 27 <init> - cdbc
20 Mar 2023 17:15:42,946 TRACE org.example.utils.JdbcUtils 42 getConnection - Enter
20 Mar 2023 17:15:42,946 TRACE org.example.utils.JdbcUtils 25 getNewConnection - Enter
20 Mar 2023 17:15:42,947 INFO  org.example.utils.JdbcUtils 28 getNewConnection - trying to connect to database ... C:\Users\40771\RiderProjects\Proiect1_MPP\zboruri.db
20 Mar 2023 17:15:42,949 ERROR org.example.utils.JdbcUtils 35 getNewConnection - java.sql.SQLException: No suitable driver found for C:\Users\40771\RiderProjects\Proiect1_MPP\zboruri.db
20 Mar 2023 17:15:42,950 TRACE org.example.utils.JdbcUtils 51 getConnection - Exit
20 Mar 2023 17:21:11,943 INFO  org.example.repository.UserRepository 24 <init> - bhchsbc
20 Mar 2023 17:21:11,947 INFO  org.example.repository.ZborRepository 25 <init> - bvbdfv
20 Mar 2023 17:21:11,948 INFO  org.example.repository.BiletRepository 27 <init> - cdbc
20 Mar 2023 17:21:11,950 TRACE org.example.utils.JdbcUtils 42 getConnection - Enter
20 Mar 2023 17:21:11,950 TRACE org.example.utils.JdbcUtils 25 getNewConnection - Enter
20 Mar 2023 17:21:11,950 INFO  org.example.utils.JdbcUtils 28 getNewConnection - trying to connect to database ... "Server=localhost; Database=ZboruriMpp; Integrated Security=True;"
20 Mar 2023 17:21:11,953 ERROR org.example.utils.JdbcUtils 35 getNewConnection - java.sql.SQLException: No suitable driver found for "Server=localhost; Database=ZboruriMpp; Integrated Security=True;"
20 Mar 2023 17:21:11,953 TRACE org.example.utils.JdbcUtils 51 getConnection - Exit
20 Mar 2023 17:26:59,107 INFO  org.example.repository.UserRepository 24 <init> - bhchsbc
20 Mar 2023 17:26:59,111 INFO  org.example.repository.ZborRepository 25 <init> - bvbdfv
20 Mar 2023 17:26:59,112 INFO  org.example.repository.BiletRepository 27 <init> - cdbc
20 Mar 2023 17:26:59,113 TRACE org.example.utils.JdbcUtils 43 getConnection - Enter
20 Mar 2023 17:26:59,114 TRACE org.example.utils.JdbcUtils 25 getNewConnection - Enter
20 Mar 2023 17:26:59,114 INFO  org.example.utils.JdbcUtils 28 getNewConnection - trying to connect to database ... "Server=localhost; Database=ZboruriMpp; Integrated Security=True;"
20 Mar 2023 17:26:59,115 ERROR org.example.utils.JdbcUtils 36 getNewConnection - java.lang.ClassNotFoundException: com.microsoft.sqlserver.jdbc.SQLServerDriver
20 Mar 2023 17:26:59,115 TRACE org.example.utils.JdbcUtils 52 getConnection - Exit
20 Mar 2023 17:36:24,941 INFO  org.example.repository.UserRepository 24 <init> - bhchsbc
20 Mar 2023 17:36:41,335 INFO  org.example.repository.ZborRepository 25 <init> - bvbdfv
20 Mar 2023 17:36:43,084 INFO  org.example.repository.BiletRepository 27 <init> - cdbc
20 Mar 2023 17:36:45,381 TRACE org.example.utils.JdbcUtils 43 getConnection - Enter
20 Mar 2023 17:36:45,382 TRACE org.example.utils.JdbcUtils 25 getNewConnection - Enter
20 Mar 2023 17:36:45,383 INFO  org.example.utils.JdbcUtils 28 getNewConnection - trying to connect to database ... Server=localhost; Database=ZboruriMpp; Integrated Security=True;
20 Mar 2023 17:36:45,387 ERROR org.example.utils.JdbcUtils 36 getNewConnection - java.lang.ClassNotFoundException: com.microsoft.sqlserver.jdbc.SQLServerDriver
20 Mar 2023 17:36:45,391 TRACE org.example.utils.JdbcUtils 52 getConnection - Exit
20 Mar 2023 17:41:34,271 INFO  org.example.repository.UserRepository 24 <init> - bhchsbc
20 Mar 2023 17:41:34,284 INFO  org.example.repository.ZborRepository 25 <init> - bvbdfv
20 Mar 2023 17:41:34,289 INFO  org.example.repository.BiletRepository 27 <init> - cdbc
20 Mar 2023 17:41:34,294 TRACE org.example.utils.JdbcUtils 43 getConnection - Enter
20 Mar 2023 17:41:34,298 TRACE org.example.utils.JdbcUtils 25 getNewConnection - Enter
20 Mar 2023 17:41:34,301 INFO  org.example.utils.JdbcUtils 28 getNewConnection - trying to connect to database ... Server=localhost; Database=ZboruriMpp; Integrated Security=True;
20 Mar 2023 17:41:34,370 ERROR org.example.utils.JdbcUtils 36 getNewConnection - java.sql.SQLException: No suitable driver found for Server=localhost; Database=ZboruriMpp; Integrated Security=True;
20 Mar 2023 17:41:34,375 TRACE org.example.utils.JdbcUtils 52 getConnection - Exit
20 Mar 2023 17:44:04,920 INFO  org.example.repository.UserRepository 24 <init> - bhchsbc
20 Mar 2023 17:44:04,924 INFO  org.example.repository.ZborRepository 25 <init> - bvbdfv
20 Mar 2023 17:44:04,925 INFO  org.example.repository.BiletRepository 27 <init> - cdbc
20 Mar 2023 17:44:04,927 TRACE org.example.utils.JdbcUtils 43 getConnection - Enter
20 Mar 2023 17:44:04,927 TRACE org.example.utils.JdbcUtils 25 getNewConnection - Enter
20 Mar 2023 17:44:04,927 INFO  org.example.utils.JdbcUtils 28 getNewConnection - trying to connect to database ... Server=localhost; Database=ZboruriMpp; Integrated Security=True;
20 Mar 2023 17:44:04,946 ERROR org.example.utils.JdbcUtils 36 getNewConnection - java.sql.SQLException: No suitable driver found for Server=localhost; Database=ZboruriMpp; Integrated Security=True;
20 Mar 2023 17:44:04,947 TRACE org.example.utils.JdbcUtils 52 getConnection - Exit
20 Mar 2023 17:46:52,680 INFO  org.example.repository.UserRepository 24 <init> - bhchsbc
20 Mar 2023 17:46:52,684 INFO  org.example.repository.ZborRepository 25 <init> - bvbdfv
20 Mar 2023 17:46:52,686 INFO  org.example.repository.BiletRepository 27 <init> - cdbc
20 Mar 2023 17:46:52,687 TRACE org.example.utils.JdbcUtils 43 getConnection - Enter
20 Mar 2023 17:46:52,688 TRACE org.example.utils.JdbcUtils 25 getNewConnection - Enter
20 Mar 2023 17:46:52,688 INFO  org.example.utils.JdbcUtils 28 getNewConnection - trying to connect to database ... "jdbc:sqlserver://localhost\\ZboruriMpp
20 Mar 2023 17:46:52,703 ERROR org.example.utils.JdbcUtils 36 getNewConnection - java.sql.SQLException: No suitable driver found for "jdbc:sqlserver://localhost\\ZboruriMpp
20 Mar 2023 17:46:52,705 TRACE org.example.utils.JdbcUtils 52 getConnection - Exit
20 Mar 2023 17:47:27,308 INFO  org.example.repository.UserRepository 24 <init> - bhchsbc
20 Mar 2023 17:47:27,314 INFO  org.example.repository.ZborRepository 25 <init> - bvbdfv
20 Mar 2023 17:47:27,315 INFO  org.example.repository.BiletRepository 27 <init> - cdbc
20 Mar 2023 17:47:27,317 TRACE org.example.utils.JdbcUtils 43 getConnection - Enter
20 Mar 2023 17:47:27,318 TRACE org.example.utils.JdbcUtils 25 getNewConnection - Enter
20 Mar 2023 17:47:27,318 INFO  org.example.utils.JdbcUtils 28 getNewConnection - trying to connect to database ... jdbc:sqlserver://localhost\ZboruriMpp
20 Mar 2023 17:47:42,097 ERROR org.example.utils.JdbcUtils 36 getNewConnection - com.microsoft.sqlserver.jdbc.SQLServerException: The connection to the host localhost, named instance ZboruriMpp failed. Error: "java.net.SocketTimeoutException: Receive timed out". Verify the server and instance names and check that no firewall is blocking UDP traffic to port 1434.  For SQL Server 2005 or later, verify that the SQL Server Browser Service is running on the host.
20 Mar 2023 17:47:42,098 TRACE org.example.utils.JdbcUtils 52 getConnection - Exit
20 Mar 2023 17:49:26,803 INFO  org.example.repository.UserRepository 24 <init> - bhchsbc
20 Mar 2023 17:49:26,810 INFO  org.example.repository.ZborRepository 25 <init> - bvbdfv
20 Mar 2023 17:49:26,812 INFO  org.example.repository.BiletRepository 27 <init> - cdbc
20 Mar 2023 17:49:26,814 TRACE org.example.utils.JdbcUtils 43 getConnection - Enter
20 Mar 2023 17:49:26,815 TRACE org.example.utils.JdbcUtils 25 getNewConnection - Enter
20 Mar 2023 17:49:26,815 INFO  org.example.utils.JdbcUtils 28 getNewConnection - trying to connect to database ... jdbc:sqlserver://localhost\\ZboruriMpp
20 Mar 2023 17:49:41,621 ERROR org.example.utils.JdbcUtils 36 getNewConnection - com.microsoft.sqlserver.jdbc.SQLServerException: The connection to the host localhost, named instance \ZboruriMpp failed. Error: "java.net.SocketTimeoutException: Receive timed out". Verify the server and instance names and check that no firewall is blocking UDP traffic to port 1434.  For SQL Server 2005 or later, verify that the SQL Server Browser Service is running on the host.
20 Mar 2023 17:49:41,622 TRACE org.example.utils.JdbcUtils 52 getConnection - Exit
20 Mar 2023 17:51:06,050 INFO  org.example.repository.UserRepository 24 <init> - bhchsbc
20 Mar 2023 17:51:06,056 INFO  org.example.repository.ZborRepository 25 <init> - bvbdfv
20 Mar 2023 17:51:06,057 INFO  org.example.repository.BiletRepository 27 <init> - cdbc
20 Mar 2023 17:51:06,059 TRACE org.example.utils.JdbcUtils 43 getConnection - Enter
20 Mar 2023 17:51:06,059 TRACE org.example.utils.JdbcUtils 25 getNewConnection - Enter
20 Mar 2023 17:51:06,060 INFO  org.example.utils.JdbcUtils 28 getNewConnection - trying to connect to database ... jdbc:sqlserver://localhost:1434\\ZboruriMpp
20 Mar 2023 17:51:06,186 ERROR org.example.utils.JdbcUtils 36 getNewConnection - com.microsoft.sqlserver.jdbc.SQLServerException: The port number 1434\\ZboruriMpp is not valid.
20 Mar 2023 17:51:06,187 TRACE org.example.utils.JdbcUtils 52 getConnection - Exit
20 Mar 2023 21:57:11,908 INFO  org.example.repository.UserRepository 24 <init> - bhchsbc
20 Mar 2023 21:57:11,914 INFO  org.example.repository.ZborRepository 25 <init> - bvbdfv
20 Mar 2023 21:57:11,915 INFO  org.example.repository.BiletRepository 27 <init> - cdbc
20 Mar 2023 21:57:11,917 TRACE org.example.utils.JdbcUtils 48 getConnection - Enter
20 Mar 2023 21:57:11,918 TRACE org.example.utils.JdbcUtils 25 getNewConnection - Enter
20 Mar 2023 21:57:11,918 INFO  org.example.utils.JdbcUtils 30 getNewConnection - trying to connect to database ... null
20 Mar 2023 21:57:11,918 INFO  org.example.utils.JdbcUtils 31 getNewConnection - user: null
20 Mar 2023 21:57:11,919 INFO  org.example.utils.JdbcUtils 32 getNewConnection - pass: null
20 Mar 2023 21:57:11,921 ERROR org.example.utils.JdbcUtils 41 getNewConnection - java.sql.SQLException: The url cannot be null
20 Mar 2023 21:57:11,922 TRACE org.example.utils.JdbcUtils 57 getConnection - Exit
